[14:59:24] INFO  - [null/1.0] - framework.Hooks - Opening Browser....null
[14:59:24] INFO  - [null/1.0] - framework.Hooks - Navigating to the home page
[15:00:03] INFO  - [null/1.0] - framework.Hooks - Opening Browser....null
[15:00:03] INFO  - [null/1.0] - framework.Hooks - Navigating to the home page
[17:02:11] INFO  - [null/1.0] - framework.Hooks - Opening Browser....null
[17:02:11] INFO  - [null/1.0] - framework.Hooks - Navigating to the home page
[17:06:20] INFO  - [null/1.0] - framework.Hooks - Opening Browser....null
[17:06:20] INFO  - [null/1.0] - framework.Hooks - Navigating to the home page
[17:06:22] INFO  - [null/1.0] - framework.Hooks - set value 'xxxxx@gmail.com' to the input field with selector 'loc_txt_username'
[17:07:57] INFO  - [null/1.0] - framework.Hooks - Opening Browser....null
[17:07:57] INFO  - [null/1.0] - framework.Hooks - Navigating to the home page
[17:07:59] INFO  - [null/1.0] - framework.Hooks - set value 'xxxxx@gmail.com' to the input field with selector 'loc_txt_username'
[17:08:45] INFO  - [null/1.0] - framework.Hooks - Opening Browser....null
[17:08:45] INFO  - [null/1.0] - framework.Hooks - Navigating to the home page
[17:08:47] INFO  - [null/1.0] - framework.Hooks - set value 'xxxxx@gmail.com' to the input field with selector 'loc_txt_username'
[17:09:39] INFO  - [null/1.0] - framework.Hooks - Opening Browser....null
[17:09:39] INFO  - [null/1.0] - framework.Hooks - Navigating to the home page
[17:09:42] INFO  - [null/1.0] - framework.Hooks - set value 'xxxxx@gmail.com' to the input field with selector 'loc_txt_username'
[17:12:14] INFO  - [null/1.0] - framework.Hooks - Opening Browser....null
[17:12:14] INFO  - [null/1.0] - framework.Hooks - Navigating to the home page
[17:12:16] INFO  - [null/1.0] - framework.Hooks - set value 'xxxxx@gmail.com' to the input field with selector 'loc_txt_username'
[09:49:05] INFO  - [null/1.0] - framework.Hooks - Opening Browser....null
[09:49:05] INFO  - [null/1.0] - framework.Hooks - Navigating to the home page
[09:49:07] INFO  - [null/1.0] - framework.Hooks - set value 'xxxxx@gmail.com' to the input field with selector 'loc_txt_username'
[09:51:24] INFO  - [null/1.0] - framework.Hooks - Opening Browser....null
[09:51:24] INFO  - [null/1.0] - framework.Hooks - Navigating to the home page
[09:51:26] INFO  - [null/1.0] - framework.Hooks - set value 'xxxxx@gmail.com' to the input field with selector 'loc_txt_username'
[09:53:54] INFO  - [null/1.0] - framework.Hooks - Opening Browser....null
[09:53:54] INFO  - [null/1.0] - framework.Hooks - Navigating to the home page
[09:53:57] INFO  - [null/1.0] - framework.Hooks - set value 'xxxxx@gmail.com' to the input field with selector 'loc_txt_username'
[10:05:42] INFO  - [null/1.0] - framework.Hooks - Opening Browser....null
[10:05:42] INFO  - [null/1.0] - framework.Hooks - Navigating to the home page
[10:05:44] INFO  - [null/1.0] - framework.Hooks - set value 'xxxxx@gmail.com' to the input field with selector 'loc_txt_username'
[10:07:07] INFO  - [null/1.0] - framework.Hooks - Opening Browser....null
[10:07:07] INFO  - [null/1.0] - framework.Hooks - Navigating to the home page
[10:07:09] INFO  - [null/1.0] - framework.Hooks - set value 'xxxxx@gmail.com' to the input field with selector 'loc_txt_username'
[10:18:15] INFO  - [null/1.0] - framework.Hooks - Opening Browser....null
[10:18:15] INFO  - [null/1.0] - framework.Hooks - Navigating to the home page
[10:18:18] INFO  - [null/1.0] - framework.Hooks - set value 'xxxxx@gmail.com' to the input field with selector 'loc_txt_username'
[18:06:34] INFO  - [null/1.0] - framework.Hooks - Opening Browser....null
[18:06:34] INFO  - [null/1.0] - framework.Hooks - Navigating to the home page
[18:06:38] INFO  - [null/1.0] - framework.Hooks - set value 'xxxxx@gmail.com' to the input field with selector 'loc_txt_username'
[18:12:36] INFO  - [null/1.0] - framework.Hooks - Opening Browser....null
[18:12:36] INFO  - [null/1.0] - framework.Hooks - Navigating to the home page
[18:12:40] INFO  - [null/1.0] - framework.Hooks - set value 'xxxxx@gmail.com' to the input field with selector 'loc_txt_username'
[18:14:26] INFO  - [null/1.0] - framework.Hooks - Opening Browser....null
[18:14:26] INFO  - [null/1.0] - framework.Hooks - Navigating to the home page
[18:19:25] INFO  - [null/1.0] - framework.Hooks - Opening Browser....null
[18:19:25] INFO  - [null/1.0] - framework.Hooks - Navigating to the home page
[19:07:05] INFO  - [null/1.0] - framework.Hooks - Opening Browser....null
[19:07:05] INFO  - [null/1.0] - framework.Hooks - Navigating to the home page
[19:40:30] INFO  - [null/1.0] - framework.Hooks - Opening Browser....null
[19:40:30] INFO  - [null/1.0] - framework.Hooks - Navigating to the home page
[19:45:45] INFO  - [null/1.0] - framework.Hooks - Opening Browser....null
[19:45:45] INFO  - [null/1.0] - framework.Hooks - Navigating to the home page
[20:11:53] INFO  - [null/1.0] - framework.Hooks - Opening Browser....null
[20:11:53] INFO  - [null/1.0] - framework.Hooks - Navigating to the home page
[20:27:44] INFO  - [null/1.0] - framework.Hooks - Opening Browser....null
[20:27:44] INFO  - [null/1.0] - framework.Hooks - Navigating to the home page
[20:27:49] INFO  - [null/1.0] - framework.Hooks - Opening Browser....null
[20:27:49] INFO  - [null/1.0] - framework.Hooks - Navigating to the home page
[20:27:56] INFO  - [null/1.0] - framework.Hooks - Opening Browser....null
[20:27:56] INFO  - [null/1.0] - framework.Hooks - Navigating to the home page
[21:00:47] INFO  - [null/1.0] - framework.Hooks - Opening Browser....null
[21:00:47] INFO  - [null/1.0] - framework.Hooks - Navigating to the home page
[21:08:19] INFO  - [null/1.0] - framework.Hooks - Opening Browser....null
[21:08:19] INFO  - [null/1.0] - framework.Hooks - Navigating to the home page
[21:35:15] INFO  - [null/1.0] - framework.Hooks - Opening Browser....null
[21:35:15] INFO  - [null/1.0] - framework.Hooks - Navigating to the home page
[21:37:04] INFO  - [null/1.0] - framework.Hooks - Opening Browser....null
[21:37:04] INFO  - [null/1.0] - framework.Hooks - Navigating to the home page
[21:40:00] INFO  - [null/1.0] - framework.Hooks - Opening Browser....null
[21:40:00] INFO  - [null/1.0] - framework.Hooks - Navigating to the home page
[21:43:43] INFO  - [null/1.0] - framework.Hooks - Opening Browser....null
[21:43:43] INFO  - [null/1.0] - framework.Hooks - Navigating to the home page
[21:48:48] INFO  - [null/1.0] - framework.Hooks - Opening Browser....null
[21:48:48] INFO  - [null/1.0] - framework.Hooks - Navigating to the home page
[21:49:09] INFO  - [null/1.0] - framework.Hooks - Opening Browser....null
[21:49:09] INFO  - [null/1.0] - framework.Hooks - Navigating to the home page
[21:50:09] INFO  - [null/1.0] - framework.Hooks - Opening Browser....null
[21:50:09] INFO  - [null/1.0] - framework.Hooks - Navigating to the home page
[21:50:42] INFO  - [null/1.0] - framework.Hooks - Opening Browser....null
[21:50:42] INFO  - [null/1.0] - framework.Hooks - Navigating to the home page
[21:55:45] INFO  - [null/1.0] - framework.Hooks - Opening Browser....null
[21:55:45] INFO  - [null/1.0] - framework.Hooks - Navigating to the home page
[21:58:03] INFO  - [null/1.0] - framework.Hooks - Opening Browser....null
[21:58:03] INFO  - [null/1.0] - framework.Hooks - Navigating to the home page
[21:58:05] INFO  - [null/1.0] - framework.Hooks - set value '<username>' to the input field with selector 'loc_txt_username'
[21:58:05] INFO  - [null/1.0] - framework.Hooks - set value '<password>' to the input field with selector 'loc_txt_password'
[21:58:45] INFO  - [null/1.0] - framework.Hooks - Opening Browser....null
[21:58:45] INFO  - [null/1.0] - framework.Hooks - Navigating to the home page
[21:58:47] INFO  - [null/1.0] - framework.Hooks - set value 'Raghavendra@gmail.com' to the input field with selector 'loc_txt_username'
[21:58:47] INFO  - [null/1.0] - framework.Hooks - set value '<password>' to the input field with selector 'loc_txt_password'
[22:01:15] INFO  - [null/1.0] - framework.Hooks - Opening Browser....null
[22:01:15] INFO  - [null/1.0] - framework.Hooks - Navigating to the home page
[22:04:30] INFO  - [null/1.0] - framework.Hooks - Opening Browser....null
[22:04:30] INFO  - [null/1.0] - framework.Hooks - Navigating to the home page
[22:05:31] INFO  - [null/1.0] - framework.Hooks - Opening Browser....null
[22:05:31] INFO  - [null/1.0] - framework.Hooks - Navigating to the home page
[22:05:32] INFO  - [null/1.0] - framework.Hooks - set value 'Raghavendra@gmail.com' to the input field with selector 'loc_txt_username'
[22:15:06] INFO  - [null/1.0] - framework.Hooks - Opening Browser....null
[22:15:06] INFO  - [null/1.0] - framework.Hooks - Navigating to the home page
[22:15:08] INFO  - [null/1.0] - framework.Hooks - set value 'Raghavendra@gmail.com' to the input field with selector 'loc_txt_username'
[01:42:56] INFO  - [null/1.0] - framework.Hooks - Opening Browser....null
[01:42:56] INFO  - [null/1.0] - framework.Hooks - Navigating to the home page
[01:42:58] INFO  - [null/1.0] - framework.Hooks - set value 'Raghavendra@gmail.com' to the input field with selector 'loc_txt_username'
[01:58:00] INFO  - [null/1.0] - framework.Hooks - Opening Browser....null
[01:58:00] INFO  - [null/1.0] - framework.Hooks - Navigating to the home page
[01:58:23] INFO  - [null/1.0] - framework.Hooks - Opening Browser....null
[01:58:23] INFO  - [null/1.0] - framework.Hooks - Navigating to the home page
[01:58:25] INFO  - [null/1.0] - framework.Hooks - set value 'Raghavendra@gmail.com' to the input field with selector 'loc_txt_username'
[01:58:47] INFO  - [null/1.0] - framework.Hooks - Opening Browser....null
[01:58:47] INFO  - [null/1.0] - framework.Hooks - Navigating to the home page
[01:58:48] INFO  - [null/1.0] - framework.Hooks - set value 'Raghavendra@gmail.com' to the input field with selector 'loc_txt_username'
[01:58:53] INFO  - [null/1.0] - framework.Hooks - set value '<password>' to the input field with selector 'loc_txt_password'
[02:15:06] INFO  - [null/1.0] - framework.Hooks - Opening Browser....null
[02:15:06] INFO  - [null/1.0] - framework.Hooks - Navigating to the home page
[02:15:09] INFO  - [null/1.0] - framework.Hooks - set value 'Raghavendra@gmail.com' to the input field with selector 'loc_txt_username'
[02:18:33] INFO  - [null/1.0] - framework.Hooks - Opening Browser....null
[02:18:33] INFO  - [null/1.0] - framework.Hooks - Navigating to the home page
[02:18:36] INFO  - [null/1.0] - framework.Hooks - set value 'Raghavendra@gmail.com' to the input field with selector 'loc_txt_username'
[02:18:36] INFO  - [null/1.0] - framework.Hooks - set value '<password>' to the input field with selector 'loc_txt_password'
[02:28:28] INFO  - [null/1.0] - framework.Hooks - Opening Browser....null
[02:28:28] INFO  - [null/1.0] - framework.Hooks - Navigating to the home page
[02:30:59] INFO  - [null/1.0] - framework.Hooks - Opening Browser....null
[02:30:59] INFO  - [null/1.0] - framework.Hooks - Navigating to the home page
[02:32:21] INFO  - [null/1.0] - framework.Hooks - Opening Browser....null
[02:32:21] INFO  - [null/1.0] - framework.Hooks - Navigating to the home page
[23:58:26] INFO  - [null/1.0] - framework.Hooks - Opening Browser....null
[23:58:26] INFO  - [null/1.0] - framework.Hooks - Navigating to the home page
[23:58:51] INFO  - [null/1.0] - framework.Hooks - Opening Browser....null
[23:58:51] INFO  - [null/1.0] - framework.Hooks - Navigating to the home page
[23:59:38] INFO  - [null/1.0] - framework.Hooks - Opening Browser....null
[23:59:38] INFO  - [null/1.0] - framework.Hooks - Navigating to the home page
[14:29:32] INFO  - [null/1.0] - framework.Hooks - Opening Browser....null
[14:29:32] INFO  - [null/1.0] - framework.Hooks - Navigating to the home page
[20:22:06] INFO  - [null/1.0] - framework.Hooks - Opening Browser....null
[20:22:06] INFO  - [null/1.0] - framework.Hooks - Navigating to the home page
[20:24:17] INFO  - [null/1.0] - framework.Hooks - Opening Browser....null
[20:24:17] INFO  - [null/1.0] - framework.Hooks - Navigating to the home page
[20:25:59] INFO  - [null/1.0] - framework.Hooks - Opening Browser....null
[20:25:59] INFO  - [null/1.0] - framework.Hooks - Navigating to the home page
[21:04:14] INFO  - [null/1.0] - framework.Hooks - Opening Browser....null
[21:04:14] INFO  - [null/1.0] - framework.Hooks - Navigating to the home page
[21:07:28] INFO  - [null/1.0] - framework.Hooks - Opening Browser....null
[21:07:28] INFO  - [null/1.0] - framework.Hooks - Navigating to the home page
[21:08:10] INFO  - [null/1.0] - framework.Hooks - Opening Browser....null
[21:08:10] INFO  - [null/1.0] - framework.Hooks - Navigating to the home page
[21:14:57] INFO  - [null/1.0] - framework.Hooks - Opening Browser....null
[21:14:57] INFO  - [null/1.0] - framework.Hooks - Navigating to the home page
[21:20:36] INFO  - [null/1.0] - framework.Hooks - Opening Browser....null
[21:20:36] INFO  - [null/1.0] - framework.Hooks - Navigating to the home page
[21:22:45] INFO  - [null/1.0] - framework.Hooks - Opening Browser....null
[21:22:45] INFO  - [null/1.0] - framework.Hooks - Navigating to the home page
[21:24:17] INFO  - [null/1.0] - framework.Hooks - Opening Browser....null
[21:24:17] INFO  - [null/1.0] - framework.Hooks - Navigating to the home page
[21:25:57] INFO  - [null/1.0] - framework.Hooks - Opening Browser....null
[21:25:57] INFO  - [null/1.0] - framework.Hooks - Navigating to the home page
[22:15:32] INFO  - [null/1.0] - framework.Hooks - Opening Browser....null
[22:15:32] INFO  - [null/1.0] - framework.Hooks - Navigating to the home page
[22:31:36] INFO  - [null/1.0] - framework.Hooks - Opening Browser....null
[22:31:36] INFO  - [null/1.0] - framework.Hooks - Navigating to the home page
[22:35:59] INFO  - [null/1.0] - framework.Hooks - Opening Browser....null
[22:35:59] INFO  - [null/1.0] - framework.Hooks - Navigating to the home page
[22:39:25] INFO  - [null/1.0] - framework.Hooks - Opening Browser....null
[22:39:25] INFO  - [null/1.0] - framework.Hooks - Navigating to the home page
[12:18:13] INFO  - [null/1.0] - framework.Hooks - Opening Browser....null
[12:18:13] INFO  - [null/1.0] - framework.Hooks - Navigating to the home page
[12:20:48] INFO  - [null/1.0] - framework.Hooks - Opening Browser....null
[12:20:48] INFO  - [null/1.0] - framework.Hooks - Navigating to the home page
[12:21:40] INFO  - [null/1.0] - framework.Hooks - Opening Browser....null
[12:21:40] INFO  - [null/1.0] - framework.Hooks - Navigating to the home page
[12:23:57] INFO  - [null/1.0] - framework.Hooks - Opening Browser....null
[12:23:57] INFO  - [null/1.0] - framework.Hooks - Navigating to the home page
[12:28:05] INFO  - [null/1.0] - framework.Hooks - Opening Browser....null
[12:28:05] INFO  - [null/1.0] - framework.Hooks - Navigating to the home page
[12:29:14] INFO  - [null/1.0] - framework.Hooks - Opening Browser....null
[12:29:14] INFO  - [null/1.0] - framework.Hooks - Navigating to the home page
[12:30:40] INFO  - [null/1.0] - framework.Hooks - Opening Browser....null
[12:30:40] INFO  - [null/1.0] - framework.Hooks - Navigating to the home page
[12:31:41] INFO  - [null/1.0] - framework.Hooks - Opening Browser....null
[12:31:41] INFO  - [null/1.0] - framework.Hooks - Navigating to the home page
[12:33:04] INFO  - [null/1.0] - framework.Hooks - Opening Browser....null
[12:33:04] INFO  - [null/1.0] - framework.Hooks - Navigating to the home page
[12:35:03] INFO  - [null/1.0] - framework.Hooks - Opening Browser....null
[12:35:03] INFO  - [null/1.0] - framework.Hooks - Navigating to the home page
[12:36:05] INFO  - [null/1.0] - framework.Hooks - Opening Browser....null
[12:36:05] INFO  - [null/1.0] - framework.Hooks - Navigating to the home page
[12:37:44] INFO  - [null/1.0] - framework.Hooks - Opening Browser....null
[12:37:44] INFO  - [null/1.0] - framework.Hooks - Navigating to the home page
[12:39:07] INFO  - [null/1.0] - framework.Hooks - Opening Browser....null
[12:39:07] INFO  - [null/1.0] - framework.Hooks - Navigating to the home page
[12:40:21] INFO  - [null/1.0] - framework.Hooks - Opening Browser....null
[12:40:21] INFO  - [null/1.0] - framework.Hooks - Navigating to the home page
[12:41:34] INFO  - [null/1.0] - framework.Hooks - Opening Browser....null
[12:41:34] INFO  - [null/1.0] - framework.Hooks - Navigating to the home page
[12:43:16] INFO  - [null/1.0] - framework.Hooks - Opening Browser....null
[12:43:16] INFO  - [null/1.0] - framework.Hooks - Navigating to the home page
[13:04:06] INFO  - [null/1.0] - framework.Hooks - Opening Browser....null
[13:04:06] INFO  - [null/1.0] - framework.Hooks - Navigating to the home page
[13:05:19] INFO  - [null/1.0] - framework.Hooks - Opening Browser....null
[13:05:19] INFO  - [null/1.0] - framework.Hooks - Navigating to the home page
[13:06:38] INFO  - [null/1.0] - framework.Hooks - Opening Browser....null
[13:06:38] INFO  - [null/1.0] - framework.Hooks - Navigating to the home page
[13:07:56] INFO  - [null/1.0] - framework.Hooks - Opening Browser....null
[13:07:56] INFO  - [null/1.0] - framework.Hooks - Navigating to the home page
[13:09:00] INFO  - [null/1.0] - framework.Hooks - Opening Browser....null
[13:09:00] INFO  - [null/1.0] - framework.Hooks - Navigating to the home page
[13:09:39] INFO  - [null/1.0] - framework.Hooks - Opening Browser....null
[13:09:39] INFO  - [null/1.0] - framework.Hooks - Navigating to the home page
[13:13:32] INFO  - [null/1.0] - framework.Hooks - Opening Browser....null
[13:13:32] INFO  - [null/1.0] - framework.Hooks - Navigating to the home page
[13:20:12] INFO  - [null/1.0] - framework.Hooks - Opening Browser....null
[13:20:12] INFO  - [null/1.0] - framework.Hooks - Navigating to the home page
[13:24:43] INFO  - [null/1.0] - framework.Hooks - Opening Browser....null
[13:24:43] INFO  - [null/1.0] - framework.Hooks - Navigating to the home page
[13:52:11] INFO  - [null/1.0] - framework.Hooks - Opening Browser....null
[13:52:11] INFO  - [null/1.0] - framework.Hooks - Navigating to the home page
[13:57:09] INFO  - [null/1.0] - framework.Hooks - Opening Browser....null
[13:57:09] INFO  - [null/1.0] - framework.Hooks - Navigating to the home page
[13:58:06] INFO  - [null/1.0] - framework.Hooks - Opening Browser....null
[13:58:06] INFO  - [null/1.0] - framework.Hooks - Navigating to the home page
[14:06:02] INFO  - [null/1.0] - framework.Hooks - Opening Browser....null
[14:06:02] INFO  - [null/1.0] - framework.Hooks - Navigating to the home page
[14:07:27] INFO  - [null/1.0] - framework.Hooks - Opening Browser....null
[14:07:27] INFO  - [null/1.0] - framework.Hooks - Navigating to the home page
[14:08:19] INFO  - [null/1.0] - framework.Hooks - Opening Browser....null
[14:08:19] INFO  - [null/1.0] - framework.Hooks - Navigating to the home page
[14:09:13] INFO  - [null/1.0] - framework.Hooks - Opening Browser....null
[14:09:13] INFO  - [null/1.0] - framework.Hooks - Navigating to the home page
[14:11:45] INFO  - [null/1.0] - framework.Hooks - Opening Browser....null
[14:11:45] INFO  - [null/1.0] - framework.Hooks - Navigating to the home page
[14:15:33] INFO  - [null/1.0] - framework.Hooks - Opening Browser....null
[14:15:33] INFO  - [null/1.0] - framework.Hooks - Navigating to the home page
[14:21:58] INFO  - [null/1.0] - framework.Hooks - Opening Browser....null
[14:21:58] INFO  - [null/1.0] - framework.Hooks - Navigating to the home page
[14:26:53] INFO  - [null/1.0] - framework.Hooks - Opening Browser....null
[14:26:53] INFO  - [null/1.0] - framework.Hooks - Navigating to the home page
[14:30:00] INFO  - [null/1.0] - framework.Hooks - Opening Browser....null
[14:30:00] INFO  - [null/1.0] - framework.Hooks - Navigating to the home page
[14:32:40] INFO  - [null/1.0] - framework.Hooks - Opening Browser....null
[14:32:40] INFO  - [null/1.0] - framework.Hooks - Navigating to the home page
[14:35:56] INFO  - [null/1.0] - framework.Hooks - Opening Browser....null
[14:35:56] INFO  - [null/1.0] - framework.Hooks - Navigating to the home page
[14:37:35] INFO  - [null/1.0] - framework.Hooks - Opening Browser....null
[14:37:35] INFO  - [null/1.0] - framework.Hooks - Navigating to the home page
[14:39:03] INFO  - [null/1.0] - framework.Hooks - Opening Browser....null
[14:39:03] INFO  - [null/1.0] - framework.Hooks - Navigating to the home page
[01:16:46] INFO  - [null/1.0] - framework.Hooks - Opening Browser....null
[01:16:46] INFO  - [null/1.0] - framework.Hooks - Navigating to the home page
[01:22:10] INFO  - [null/1.0] - framework.Hooks - Opening Browser....null
[01:22:10] INFO  - [null/1.0] - framework.Hooks - Navigating to the home page
[01:23:03] INFO  - [null/1.0] - framework.Hooks - Opening Browser....null
[01:23:03] INFO  - [null/1.0] - framework.Hooks - Navigating to the home page
[01:23:53] INFO  - [null/1.0] - framework.Hooks - Opening Browser....null
[01:23:53] INFO  - [null/1.0] - framework.Hooks - Navigating to the home page
[01:26:42] INFO  - [null/1.0] - framework.Hooks - Opening Browser....null
[01:26:42] INFO  - [null/1.0] - framework.Hooks - Navigating to the home page
[01:29:34] INFO  - [null/1.0] - framework.Hooks - Opening Browser....null
[01:29:34] INFO  - [null/1.0] - framework.Hooks - Navigating to the home page
